Copyright 1986-2020 Xilinx, Inc. All Rights Reserved.
------------------------------------------------------------------------------------
| Tool Version : Vivado v.2020.2 (win64) Build 3064766 Wed Nov 18 09:12:45 MST 2020
| Date         : Tue Jul 15 10:16:01 2025
| Host         : hanqinghai running 64-bit major release  (build 9200)
| Command      : upgrade_ip
| Device       : xc7z010clg400-1
------------------------------------------------------------------------------------

Upgrade Log for IP 'design_1_fir_ip_0_0'

1. Summary
----------

SUCCESS in the upgrade of design_1_fir_ip_0_0 (xilinx.com:user:fir_ip:1.0) from (Rev. 7) to (Rev. 8)






Copyright 1986-2020 Xilinx, Inc. All Rights Reserved.
------------------------------------------------------------------------------------
| Tool Version : Vivado v.2020.2 (win64) Build 3064766 Wed Nov 18 09:12:45 MST 2020
| Date         : Tue Jul 15 09:54:36 2025
| Host         : hanqinghai running 64-bit major release  (build 9200)
| Command      : upgrade_ip
| Device       : xc7z010clg400-1
------------------------------------------------------------------------------------

Upgrade Log for IP 'design_1_fir_ip_0_0'

1. Summary
----------

SUCCESS in the upgrade of design_1_fir_ip_0_0 (xilinx.com:user:fir_ip:1.0) from (Rev. 6) to (Rev. 7)






Copyright 1986-2020 Xilinx, Inc. All Rights Reserved.
------------------------------------------------------------------------------------
| Tool Version : Vivado v.2020.2 (win64) Build 3064766 Wed Nov 18 09:12:45 MST 2020
| Date         : Tue Jul 15 09:47:27 2025
| Host         : hanqinghai running 64-bit major release  (build 9200)
| Command      : upgrade_ip
| Device       : xc7z010clg400-1
------------------------------------------------------------------------------------

Upgrade Log for IP 'design_1_fir_ip_0_0'

1. Summary
----------

SUCCESS in the upgrade of design_1_fir_ip_0_0 (xilinx.com:user:fir_ip:1.0) from (Rev. 5) to (Rev. 6)






Copyright 1986-2020 Xilinx, Inc. All Rights Reserved.
------------------------------------------------------------------------------------
| Tool Version : Vivado v.2020.2 (win64) Build 3064766 Wed Nov 18 09:12:45 MST 2020
| Date         : Tue Jul 15 09:25:18 2025
| Host         : hanqinghai running 64-bit major release  (build 9200)
| Command      : upgrade_ip
| Device       : xc7z010clg400-1
------------------------------------------------------------------------------------

Upgrade Log for IP 'design_1_fir_ip_0_0'

1. Summary
----------

SUCCESS in the upgrade of design_1_fir_ip_0_0 (xilinx.com:user:fir_ip:1.0) from (Rev. 4) to (Rev. 5)






Copyright 1986-2020 Xilinx, Inc. All Rights Reserved.
------------------------------------------------------------------------------------
| Tool Version : Vivado v.2020.2 (win64) Build 3064766 Wed Nov 18 09:12:45 MST 2020
| Date         : Mon Jul 14 20:33:10 2025
| Host         : hanqinghai running 64-bit major release  (build 9200)
| Command      : upgrade_ip
| Device       : xc7z010clg400-1
------------------------------------------------------------------------------------

Upgrade Log for IP 'design_1_fir_ip_0_0'

1. Summary
----------

SUCCESS in the conversion of design_1_fir_ip_0_0 (xilinx.com:user:fir_ip:1.0 (Rev. 4)) to Vivado generation flows.






Copyright 1986-2020 Xilinx, Inc. All Rights Reserved.
------------------------------------------------------------------------------------
| Tool Version : Vivado v.2020.2 (win64) Build 3064766 Wed Nov 18 09:12:45 MST 2020
| Date         : Mon Jul 14 20:23:04 2025
| Host         : hanqinghai running 64-bit major release  (build 9200)
| Command      : upgrade_ip
| Device       : xc7z010clg400-1
------------------------------------------------------------------------------------

Upgrade Log for IP 'design_1_fir_ip_0_0'

1. Summary
----------

SUCCESS in the upgrade of design_1_fir_ip_0_0 (xilinx.com:user:fir_ip:1.0) from (Rev. 2) to (Rev. 4)

